<?xml version="1.0" encoding="UTF-8"?>
<coverage generated="1668143964591" clover="3.2.0">
  <project timestamp="1668143964591" name="All files">
    <metrics statements="100" coveredstatements="94" conditionals="42" coveredconditionals="28" methods="17" coveredmethods="17" elements="159" coveredelements="139" complexity="0" loc="100" ncloc="100" packages="8" files="10" classes="10"/>
    <package name="src">
      <metrics statements="44" coveredstatements="38" conditionals="10" coveredconditionals="4" methods="5" coveredmethods="5"/>
      <file name="generation_utils.ts" path="/Users/sharithgodamanna/Desktop/TorchLabs/ProxySite/torchlabs-proxy-utils/src/generation_utils.ts">
        <metrics statements="20" coveredstatements="19" conditionals="3" coveredconditionals="2" methods="3" coveredmethods="3"/>
        <line num="1" count="2" type="stmt"/>
        <line num="10" count="2" type="stmt"/>
        <line num="15" count="80" type="cond" truecount="1" falsecount="0"/>
        <line num="16" count="32" type="stmt"/>
        <line num="18" count="48" type="stmt"/>
        <line num="21" count="2" type="stmt"/>
        <line num="27" count="9" type="cond" truecount="0" falsecount="1"/>
        <line num="28" count="0" type="stmt"/>
        <line num="30" count="9" type="stmt"/>
        <line num="31" count="9" type="stmt"/>
        <line num="33" count="9" type="stmt"/>
        <line num="35" count="9" type="stmt"/>
        <line num="36" count="53" type="stmt"/>
        <line num="37" count="73" type="stmt"/>
        <line num="49" count="73" type="stmt"/>
        <line num="53" count="9" type="cond" truecount="1" falsecount="0"/>
        <line num="54" count="3" type="stmt"/>
        <line num="55" count="5" type="stmt"/>
        <line num="67" count="5" type="stmt"/>
        <line num="71" count="9" type="stmt"/>
      </file>
      <file name="index.ts" path="/Users/sharithgodamanna/Desktop/TorchLabs/ProxySite/torchlabs-proxy-utils/src/index.ts">
        <metrics statements="17" coveredstatements="12" conditionals="7" coveredconditionals="2" methods="1" coveredmethods="1"/>
        <line num="1" count="1" type="stmt"/>
        <line num="7" count="1" type="stmt"/>
        <line num="8" count="1" type="stmt"/>
        <line num="9" count="1" type="stmt"/>
        <line num="10" count="1" type="stmt"/>
        <line num="11" count="1" type="stmt"/>
        <line num="12" count="1" type="stmt"/>
        <line num="13" count="1" type="stmt"/>
        <line num="15" count="1" type="stmt"/>
        <line num="21" count="6" type="cond" truecount="2" falsecount="5"/>
        <line num="23" count="4" type="stmt"/>
        <line num="28" count="0" type="stmt"/>
        <line num="33" count="2" type="stmt"/>
        <line num="38" count="0" type="stmt"/>
        <line num="43" count="0" type="stmt"/>
        <line num="48" count="0" type="stmt"/>
        <line num="53" count="0" type="stmt"/>
      </file>
      <file name="utils.ts" path="/Users/sharithgodamanna/Desktop/TorchLabs/ProxySite/torchlabs-proxy-utils/src/utils.ts">
        <metrics statements="7" coveredstatements="7" conditionals="0" coveredconditionals="0" methods="1" coveredmethods="1"/>
        <line num="1" count="8" type="stmt"/>
        <line num="2" count="38" type="stmt"/>
        <line num="3" count="38" type="stmt"/>
        <line num="4" count="38" type="stmt"/>
        <line num="5" count="38" type="stmt"/>
        <line num="6" count="559" type="stmt"/>
        <line num="8" count="38" type="stmt"/>
      </file>
    </package>
    <package name="src.@types">
      <metrics statements="2" coveredstatements="2" conditionals="0" coveredconditionals="0" methods="0" coveredmethods="0"/>
      <file name="index.ts" path="/Users/sharithgodamanna/Desktop/TorchLabs/ProxySite/torchlabs-proxy-utils/src/@types/index.ts">
        <metrics statements="2" coveredstatements="2" conditionals="0" coveredconditionals="0" methods="0" coveredmethods="0"/>
        <line num="17" count="2" type="stmt"/>
        <line num="24" count="2" type="stmt"/>
      </file>
    </package>
    <package name="src.plans.brightdata">
      <metrics statements="7" coveredstatements="7" conditionals="0" coveredconditionals="0" methods="2" coveredmethods="2"/>
      <file name="index.ts" path="/Users/sharithgodamanna/Desktop/TorchLabs/ProxySite/torchlabs-proxy-utils/src/plans/brightdata/index.ts">
        <metrics statements="7" coveredstatements="7" conditionals="0" coveredconditionals="0" methods="2" coveredmethods="2"/>
        <line num="2" count="2" type="stmt"/>
        <line num="4" count="2" type="stmt"/>
        <line num="5" count="6" type="stmt"/>
        <line num="6" count="1" type="stmt"/>
        <line num="9" count="2" type="stmt"/>
        <line num="10" count="6" type="stmt"/>
        <line num="11" count="1" type="stmt"/>
      </file>
    </package>
    <package name="src.plans.iproyal">
      <metrics statements="10" coveredstatements="10" conditionals="8" coveredconditionals="6" methods="2" coveredmethods="2"/>
      <file name="index.ts" path="/Users/sharithgodamanna/Desktop/TorchLabs/ProxySite/torchlabs-proxy-utils/src/plans/iproyal/index.ts">
        <metrics statements="10" coveredstatements="10" conditionals="8" coveredconditionals="6" methods="2" coveredmethods="2"/>
        <line num="2" count="2" type="stmt"/>
        <line num="4" count="2" type="stmt"/>
        <line num="6" count="2" type="stmt"/>
        <line num="7" count="6" type="stmt"/>
        <line num="8" count="1" type="cond" truecount="3" falsecount="1"/>
        <line num="9" count="1" type="stmt"/>
        <line num="12" count="2" type="stmt"/>
        <line num="13" count="6" type="stmt"/>
        <line num="14" count="1" type="cond" truecount="3" falsecount="1"/>
        <line num="15" count="1" type="stmt"/>
      </file>
    </package>
    <package name="src.plans.oxylabs">
      <metrics statements="10" coveredstatements="10" conditionals="8" coveredconditionals="6" methods="2" coveredmethods="2"/>
      <file name="index.ts" path="/Users/sharithgodamanna/Desktop/TorchLabs/ProxySite/torchlabs-proxy-utils/src/plans/oxylabs/index.ts">
        <metrics statements="10" coveredstatements="10" conditionals="8" coveredconditionals="6" methods="2" coveredmethods="2"/>
        <line num="2" count="2" type="stmt"/>
        <line num="4" count="2" type="stmt"/>
        <line num="6" count="2" type="stmt"/>
        <line num="7" count="6" type="stmt"/>
        <line num="8" count="1" type="cond" truecount="3" falsecount="1"/>
        <line num="9" count="1" type="stmt"/>
        <line num="14" count="2" type="stmt"/>
        <line num="15" count="6" type="stmt"/>
        <line num="16" count="1" type="cond" truecount="3" falsecount="1"/>
        <line num="17" count="1" type="stmt"/>
      </file>
    </package>
    <package name="src.plans.packetstream">
      <metrics statements="10" coveredstatements="10" conditionals="8" coveredconditionals="6" methods="2" coveredmethods="2"/>
      <file name="index.ts" path="/Users/sharithgodamanna/Desktop/TorchLabs/ProxySite/torchlabs-proxy-utils/src/plans/packetstream/index.ts">
        <metrics statements="10" coveredstatements="10" conditionals="8" coveredconditionals="6" methods="2" coveredmethods="2"/>
        <line num="2" count="3" type="stmt"/>
        <line num="4" count="3" type="stmt"/>
        <line num="6" count="3" type="stmt"/>
        <line num="7" count="138" type="stmt"/>
        <line num="8" count="23" type="cond" truecount="3" falsecount="1"/>
        <line num="9" count="23" type="stmt"/>
        <line num="12" count="3" type="stmt"/>
        <line num="13" count="234" type="stmt"/>
        <line num="14" count="39" type="cond" truecount="3" falsecount="1"/>
        <line num="15" count="39" type="stmt"/>
      </file>
    </package>
    <package name="src.plans.private-plan">
      <metrics statements="7" coveredstatements="7" conditionals="0" coveredconditionals="0" methods="2" coveredmethods="2"/>
      <file name="index.ts" path="/Users/sharithgodamanna/Desktop/TorchLabs/ProxySite/torchlabs-proxy-utils/src/plans/private-plan/index.ts">
        <metrics statements="7" coveredstatements="7" conditionals="0" coveredconditionals="0" methods="2" coveredmethods="2"/>
        <line num="2" count="2" type="stmt"/>
        <line num="4" count="2" type="stmt"/>
        <line num="5" count="44" type="stmt"/>
        <line num="6" count="11" type="stmt"/>
        <line num="9" count="2" type="stmt"/>
        <line num="10" count="44" type="stmt"/>
        <line num="11" count="11" type="stmt"/>
      </file>
    </package>
    <package name="src.plans.smart">
      <metrics statements="10" coveredstatements="10" conditionals="8" coveredconditionals="6" methods="2" coveredmethods="2"/>
      <file name="index.ts" path="/Users/sharithgodamanna/Desktop/TorchLabs/ProxySite/torchlabs-proxy-utils/src/plans/smart/index.ts">
        <metrics statements="10" coveredstatements="10" conditionals="8" coveredconditionals="6" methods="2" coveredmethods="2"/>
        <line num="2" count="2" type="stmt"/>
        <line num="4" count="2" type="stmt"/>
        <line num="6" count="2" type="stmt"/>
        <line num="7" count="6" type="stmt"/>
        <line num="8" count="1" type="cond" truecount="3" falsecount="1"/>
        <line num="9" count="1" type="stmt"/>
        <line num="14" count="2" type="stmt"/>
        <line num="15" count="6" type="stmt"/>
        <line num="16" count="1" type="cond" truecount="3" falsecount="1"/>
        <line num="17" count="1" type="stmt"/>
      </file>
    </package>
  </project>
</coverage>
