{"/Users/sharithgodamanna/Desktop/TorchLabs/ProxySite/torchlabs-proxy-utils/src/generation_utils.ts": {"path":"/Users/sharithgodamanna/Desktop/TorchLabs/ProxySite/torchlabs-proxy-utils/src/generation_utils.ts","statementMap":{"0":{"start":{"line":1,"column":0},"end":{"line":1,"column":114}},"1":{"start":{"line":10,"column":36},"end":{"line":19,"column":1}},"2":{"start":{"line":15,"column":2},"end":{"line":17,"column":null}},"3":{"start":{"line":16,"column":4},"end":{"line":16,"column":52}},"4":{"start":{"line":18,"column":2},"end":{"line":18,"column":52}},"5":{"start":{"line":10,"column":13},"end":{"line":10,"column":36}},"6":{"start":{"line":21,"column":31},"end":{"line":72,"column":1}},"7":{"start":{"line":27,"column":2},"end":{"line":29,"column":null}},"8":{"start":{"line":28,"column":4},"end":{"line":28,"column":53}},"9":{"start":{"line":30,"column":20},"end":{"line":30,"column":54}},"10":{"start":{"line":31,"column":22},"end":{"line":31,"column":68}},"11":{"start":{"line":33,"column":29},"end":{"line":33,"column":31}},"12":{"start":{"line":35,"column":2},"end":{"line":51,"column":null}},"13":{"start":{"line":35,"column":15},"end":{"line":35,"column":16}},"14":{"start":{"line":36,"column":4},"end":{"line":50,"column":7}},"15":{"start":{"line":37,"column":20},"end":{"line":47,"column":null}},"16":{"start":{"line":49,"column":6},"end":{"line":49,"column":37}},"17":{"start":{"line":53,"column":2},"end":{"line":69,"column":null}},"18":{"start":{"line":54,"column":4},"end":{"line":68,"column":null}},"19":{"start":{"line":54,"column":17},"end":{"line":54,"column":18}},"20":{"start":{"line":55,"column":20},"end":{"line":65,"column":null}},"21":{"start":{"line":67,"column":6},"end":{"line":67,"column":37}},"22":{"start":{"line":71,"column":2},"end":{"line":71,"column":28}},"23":{"start":{"line":21,"column":13},"end":{"line":21,"column":31}}},"fnMap":{"0":{"name":"(anonymous_0)","decl":{"start":{"line":10,"column":36},"end":{"line":10,"column":null}},"loc":{"start":{"line":13,"column":41},"end":{"line":19,"column":1}}},"1":{"name":"(anonymous_1)","decl":{"start":{"line":21,"column":31},"end":{"line":21,"column":null}},"loc":{"start":{"line":25,"column":41},"end":{"line":72,"column":1}}},"2":{"name":"(anonymous_2)","decl":{"start":{"line":36,"column":31},"end":{"line":36,"column":32}},"loc":{"start":{"line":36,"column":39},"end":{"line":50,"column":5}}}},"branchMap":{"0":{"loc":{"start":{"line":15,"column":2},"end":{"line":17,"column":null}},"type":"if","locations":[{"start":{"line":15,"column":2},"end":{"line":17,"column":null}}]},"1":{"loc":{"start":{"line":27,"column":2},"end":{"line":29,"column":null}},"type":"if","locations":[{"start":{"line":27,"column":2},"end":{"line":29,"column":null}}]},"2":{"loc":{"start":{"line":53,"column":2},"end":{"line":69,"column":null}},"type":"if","locations":[{"start":{"line":53,"column":2},"end":{"line":69,"column":null}}]}},"s":{"0":2,"1":2,"2":80,"3":32,"4":48,"5":2,"6":2,"7":9,"8":0,"9":9,"10":9,"11":9,"12":9,"13":9,"14":53,"15":73,"16":73,"17":9,"18":3,"19":3,"20":5,"21":5,"22":9,"23":2},"f":{"0":80,"1":9,"2":73},"b":{"0":[32],"1":[0],"2":[3]}}
,"/Users/sharithgodamanna/Desktop/TorchLabs/ProxySite/torchlabs-proxy-utils/src/index.ts": {"path":"/Users/sharithgodamanna/Desktop/TorchLabs/ProxySite/torchlabs-proxy-utils/src/index.ts","statementMap":{"0":{"start":{"line":1,"column":0},"end":{"line":1,"column":null}},"1":{"start":{"line":7,"column":0},"end":{"line":7,"column":53}},"2":{"start":{"line":8,"column":0},"end":{"line":8,"column":104}},"3":{"start":{"line":9,"column":0},"end":{"line":9,"column":95}},"4":{"start":{"line":10,"column":0},"end":{"line":10,"column":95}},"5":{"start":{"line":11,"column":0},"end":{"line":11,"column":110}},"6":{"start":{"line":12,"column":0},"end":{"line":12,"column":100}},"7":{"start":{"line":13,"column":0},"end":{"line":13,"column":89}},"8":{"start":{"line":15,"column":38},"end":{"line":55,"column":1}},"9":{"start":{"line":21,"column":2},"end":{"line":54,"column":null}},"10":{"start":{"line":23,"column":6},"end":{"line":26,"column":9}},"11":{"start":{"line":28,"column":6},"end":{"line":31,"column":9}},"12":{"start":{"line":33,"column":6},"end":{"line":36,"column":9}},"13":{"start":{"line":38,"column":6},"end":{"line":41,"column":9}},"14":{"start":{"line":43,"column":6},"end":{"line":46,"column":9}},"15":{"start":{"line":48,"column":6},"end":{"line":51,"column":9}},"16":{"start":{"line":53,"column":6},"end":{"line":53,"column":41}},"17":{"start":{"line":15,"column":13},"end":{"line":15,"column":38}}},"fnMap":{"0":{"name":"(anonymous_0)","decl":{"start":{"line":15,"column":38},"end":{"line":15,"column":null}},"loc":{"start":{"line":19,"column":32},"end":{"line":55,"column":1}}}},"branchMap":{"0":{"loc":{"start":{"line":21,"column":2},"end":{"line":54,"column":null}},"type":"switch","locations":[{"start":{"line":22,"column":4},"end":{"line":26,"column":9}},{"start":{"line":27,"column":4},"end":{"line":31,"column":9}},{"start":{"line":32,"column":4},"end":{"line":36,"column":9}},{"start":{"line":37,"column":4},"end":{"line":41,"column":9}},{"start":{"line":42,"column":4},"end":{"line":46,"column":9}},{"start":{"line":47,"column":4},"end":{"line":51,"column":9}},{"start":{"line":52,"column":4},"end":{"line":53,"column":41}}]}},"s":{"0":1,"1":1,"2":1,"3":1,"4":1,"5":1,"6":1,"7":1,"8":1,"9":6,"10":4,"11":0,"12":2,"13":0,"14":0,"15":0,"16":0,"17":1},"f":{"0":6},"b":{"0":[4,0,2,0,0,0,0]}}
,"/Users/sharithgodamanna/Desktop/TorchLabs/ProxySite/torchlabs-proxy-utils/src/utils.ts": {"path":"/Users/sharithgodamanna/Desktop/TorchLabs/ProxySite/torchlabs-proxy-utils/src/utils.ts","statementMap":{"0":{"start":{"line":1,"column":28},"end":{"line":9,"column":1}},"1":{"start":{"line":2,"column":15},"end":{"line":2,"column":17}},"2":{"start":{"line":3,"column":21},"end":{"line":3,"column":59}},"3":{"start":{"line":4,"column":27},"end":{"line":4,"column":44}},"4":{"start":{"line":5,"column":2},"end":{"line":7,"column":null}},"5":{"start":{"line":5,"column":15},"end":{"line":5,"column":16}},"6":{"start":{"line":6,"column":4},"end":{"line":6,"column":78}},"7":{"start":{"line":8,"column":2},"end":{"line":8,"column":16}},"8":{"start":{"line":1,"column":13},"end":{"line":1,"column":28}}},"fnMap":{"0":{"name":"(anonymous_0)","decl":{"start":{"line":1,"column":28},"end":{"line":1,"column":29}},"loc":{"start":{"line":1,"column":43},"end":{"line":9,"column":1}}}},"branchMap":{},"s":{"0":8,"1":38,"2":38,"3":38,"4":38,"5":38,"6":559,"7":38,"8":8},"f":{"0":38},"b":{}}
,"/Users/sharithgodamanna/Desktop/TorchLabs/ProxySite/torchlabs-proxy-utils/src/@types/index.ts": {"path":"/Users/sharithgodamanna/Desktop/TorchLabs/ProxySite/torchlabs-proxy-utils/src/@types/index.ts","statementMap":{"0":{"start":{"line":17,"column":13},"end":{"line":20,"column":11}},"1":{"start":{"line":24,"column":13},"end":{"line":31,"column":11}}},"fnMap":{},"branchMap":{},"s":{"0":2,"1":2},"f":{},"b":{}}
,"/Users/sharithgodamanna/Desktop/TorchLabs/ProxySite/torchlabs-proxy-utils/src/plans/brightdata/index.ts": {"path":"/Users/sharithgodamanna/Desktop/TorchLabs/ProxySite/torchlabs-proxy-utils/src/plans/brightdata/index.ts","statementMap":{"0":{"start":{"line":2,"column":0},"end":{"line":2,"column":43}},"1":{"start":{"line":4,"column":47},"end":{"line":7,"column":1}},"2":{"start":{"line":5,"column":62},"end":{"line":5,"column":68}},"3":{"start":{"line":6,"column":2},"end":{"line":6,"column":108}},"4":{"start":{"line":4,"column":13},"end":{"line":4,"column":47}},"5":{"start":{"line":9,"column":49},"end":{"line":12,"column":1}},"6":{"start":{"line":10,"column":62},"end":{"line":10,"column":68}},"7":{"start":{"line":11,"column":2},"end":{"line":11,"column":80}},"8":{"start":{"line":9,"column":13},"end":{"line":9,"column":49}}},"fnMap":{"0":{"name":"(anonymous_0)","decl":{"start":{"line":4,"column":47},"end":{"line":4,"column":48}},"loc":{"start":{"line":4,"column":66},"end":{"line":7,"column":1}}},"1":{"name":"(anonymous_1)","decl":{"start":{"line":9,"column":49},"end":{"line":9,"column":50}},"loc":{"start":{"line":9,"column":68},"end":{"line":12,"column":1}}}},"branchMap":{},"s":{"0":2,"1":2,"2":6,"3":1,"4":2,"5":2,"6":6,"7":1,"8":2},"f":{"0":1,"1":1},"b":{}}
,"/Users/sharithgodamanna/Desktop/TorchLabs/ProxySite/torchlabs-proxy-utils/src/plans/iproyal/index.ts": {"path":"/Users/sharithgodamanna/Desktop/TorchLabs/ProxySite/torchlabs-proxy-utils/src/plans/iproyal/index.ts","statementMap":{"0":{"start":{"line":2,"column":0},"end":{"line":2,"column":43}},"1":{"start":{"line":4,"column":29},"end":{"line":4,"column":36}},"2":{"start":{"line":6,"column":44},"end":{"line":10,"column":1}},"3":{"start":{"line":7,"column":62},"end":{"line":7,"column":68}},"4":{"start":{"line":8,"column":22},"end":{"line":8,"column":50}},"5":{"start":{"line":9,"column":2},"end":{"line":9,"column":114}},"6":{"start":{"line":6,"column":13},"end":{"line":6,"column":44}},"7":{"start":{"line":12,"column":46},"end":{"line":16,"column":1}},"8":{"start":{"line":13,"column":62},"end":{"line":13,"column":68}},"9":{"start":{"line":14,"column":22},"end":{"line":14,"column":50}},"10":{"start":{"line":15,"column":2},"end":{"line":15,"column":87}},"11":{"start":{"line":12,"column":13},"end":{"line":12,"column":46}}},"fnMap":{"0":{"name":"(anonymous_0)","decl":{"start":{"line":6,"column":44},"end":{"line":6,"column":45}},"loc":{"start":{"line":6,"column":63},"end":{"line":10,"column":1}}},"1":{"name":"(anonymous_1)","decl":{"start":{"line":12,"column":46},"end":{"line":12,"column":47}},"loc":{"start":{"line":12,"column":65},"end":{"line":16,"column":1}}}},"branchMap":{"0":{"loc":{"start":{"line":8,"column":22},"end":{"line":8,"column":50}},"type":"cond-expr","locations":[{"start":{"line":8,"column":22},"end":{"line":8,"column":26}},{"start":{"line":8,"column":30},"end":{"line":8,"column":50}}]},"1":{"loc":{"start":{"line":8,"column":22},"end":{"line":8,"column":30}},"type":"binary-expr","locations":[{"start":{"line":8,"column":22},"end":{"line":8,"column":30}},{"start":{"line":8,"column":22},"end":{"line":8,"column":30}}]},"2":{"loc":{"start":{"line":14,"column":22},"end":{"line":14,"column":50}},"type":"cond-expr","locations":[{"start":{"line":14,"column":22},"end":{"line":14,"column":26}},{"start":{"line":14,"column":30},"end":{"line":14,"column":50}}]},"3":{"loc":{"start":{"line":14,"column":22},"end":{"line":14,"column":30}},"type":"binary-expr","locations":[{"start":{"line":14,"column":22},"end":{"line":14,"column":30}},{"start":{"line":14,"column":22},"end":{"line":14,"column":30}}]}},"s":{"0":2,"1":2,"2":2,"3":6,"4":1,"5":1,"6":2,"7":2,"8":6,"9":1,"10":1,"11":2},"f":{"0":1,"1":1},"b":{"0":[1,0],"1":[1,1],"2":[1,0],"3":[1,1]}}
,"/Users/sharithgodamanna/Desktop/TorchLabs/ProxySite/torchlabs-proxy-utils/src/plans/oxylabs/index.ts": {"path":"/Users/sharithgodamanna/Desktop/TorchLabs/ProxySite/torchlabs-proxy-utils/src/plans/oxylabs/index.ts","statementMap":{"0":{"start":{"line":2,"column":0},"end":{"line":2,"column":43}},"1":{"start":{"line":4,"column":27},"end":{"line":4,"column":33}},"2":{"start":{"line":6,"column":44},"end":{"line":12,"column":1}},"3":{"start":{"line":7,"column":62},"end":{"line":7,"column":68}},"4":{"start":{"line":8,"column":20},"end":{"line":8,"column":46}},"5":{"start":{"line":9,"column":2},"end":{"line":11,"column":30}},"6":{"start":{"line":6,"column":13},"end":{"line":6,"column":44}},"7":{"start":{"line":14,"column":46},"end":{"line":18,"column":1}},"8":{"start":{"line":15,"column":62},"end":{"line":15,"column":68}},"9":{"start":{"line":16,"column":20},"end":{"line":16,"column":46}},"10":{"start":{"line":17,"column":2},"end":{"line":17,"column":103}},"11":{"start":{"line":14,"column":13},"end":{"line":14,"column":46}}},"fnMap":{"0":{"name":"(anonymous_0)","decl":{"start":{"line":6,"column":44},"end":{"line":6,"column":45}},"loc":{"start":{"line":6,"column":63},"end":{"line":12,"column":1}}},"1":{"name":"(anonymous_1)","decl":{"start":{"line":14,"column":46},"end":{"line":14,"column":47}},"loc":{"start":{"line":14,"column":65},"end":{"line":18,"column":1}}}},"branchMap":{"0":{"loc":{"start":{"line":8,"column":20},"end":{"line":8,"column":46}},"type":"cond-expr","locations":[{"start":{"line":8,"column":20},"end":{"line":8,"column":24}},{"start":{"line":8,"column":28},"end":{"line":8,"column":46}}]},"1":{"loc":{"start":{"line":8,"column":20},"end":{"line":8,"column":28}},"type":"binary-expr","locations":[{"start":{"line":8,"column":20},"end":{"line":8,"column":28}},{"start":{"line":8,"column":20},"end":{"line":8,"column":28}}]},"2":{"loc":{"start":{"line":16,"column":20},"end":{"line":16,"column":46}},"type":"cond-expr","locations":[{"start":{"line":16,"column":20},"end":{"line":16,"column":24}},{"start":{"line":16,"column":28},"end":{"line":16,"column":46}}]},"3":{"loc":{"start":{"line":16,"column":20},"end":{"line":16,"column":28}},"type":"binary-expr","locations":[{"start":{"line":16,"column":20},"end":{"line":16,"column":28}},{"start":{"line":16,"column":20},"end":{"line":16,"column":28}}]}},"s":{"0":2,"1":2,"2":2,"3":6,"4":1,"5":1,"6":2,"7":2,"8":6,"9":1,"10":1,"11":2},"f":{"0":1,"1":1},"b":{"0":[1,0],"1":[1,1],"2":[1,0],"3":[1,1]}}
,"/Users/sharithgodamanna/Desktop/TorchLabs/ProxySite/torchlabs-proxy-utils/src/plans/packetstream/index.ts": {"path":"/Users/sharithgodamanna/Desktop/TorchLabs/ProxySite/torchlabs-proxy-utils/src/plans/packetstream/index.ts","statementMap":{"0":{"start":{"line":2,"column":0},"end":{"line":2,"column":43}},"1":{"start":{"line":4,"column":27},"end":{"line":4,"column":34}},"2":{"start":{"line":6,"column":49},"end":{"line":10,"column":1}},"3":{"start":{"line":7,"column":62},"end":{"line":7,"column":68}},"4":{"start":{"line":8,"column":20},"end":{"line":8,"column":46}},"5":{"start":{"line":9,"column":2},"end":{"line":9,"column":112}},"6":{"start":{"line":6,"column":13},"end":{"line":6,"column":49}},"7":{"start":{"line":12,"column":51},"end":{"line":16,"column":1}},"8":{"start":{"line":13,"column":62},"end":{"line":13,"column":68}},"9":{"start":{"line":14,"column":20},"end":{"line":14,"column":46}},"10":{"start":{"line":15,"column":2},"end":{"line":15,"column":85}},"11":{"start":{"line":12,"column":13},"end":{"line":12,"column":51}}},"fnMap":{"0":{"name":"(anonymous_0)","decl":{"start":{"line":6,"column":49},"end":{"line":6,"column":50}},"loc":{"start":{"line":6,"column":68},"end":{"line":10,"column":1}}},"1":{"name":"(anonymous_1)","decl":{"start":{"line":12,"column":51},"end":{"line":12,"column":52}},"loc":{"start":{"line":12,"column":70},"end":{"line":16,"column":1}}}},"branchMap":{"0":{"loc":{"start":{"line":8,"column":20},"end":{"line":8,"column":46}},"type":"cond-expr","locations":[{"start":{"line":8,"column":20},"end":{"line":8,"column":24}},{"start":{"line":8,"column":28},"end":{"line":8,"column":46}}]},"1":{"loc":{"start":{"line":8,"column":20},"end":{"line":8,"column":28}},"type":"binary-expr","locations":[{"start":{"line":8,"column":20},"end":{"line":8,"column":28}},{"start":{"line":8,"column":20},"end":{"line":8,"column":28}}]},"2":{"loc":{"start":{"line":14,"column":20},"end":{"line":14,"column":46}},"type":"cond-expr","locations":[{"start":{"line":14,"column":20},"end":{"line":14,"column":24}},{"start":{"line":14,"column":28},"end":{"line":14,"column":46}}]},"3":{"loc":{"start":{"line":14,"column":20},"end":{"line":14,"column":28}},"type":"binary-expr","locations":[{"start":{"line":14,"column":20},"end":{"line":14,"column":28}},{"start":{"line":14,"column":20},"end":{"line":14,"column":28}}]}},"s":{"0":3,"1":3,"2":3,"3":138,"4":23,"5":23,"6":3,"7":3,"8":234,"9":39,"10":39,"11":3},"f":{"0":23,"1":39},"b":{"0":[23,0],"1":[23,23],"2":[39,0],"3":[39,39]}}
,"/Users/sharithgodamanna/Desktop/TorchLabs/ProxySite/torchlabs-proxy-utils/src/plans/private-plan/index.ts": {"path":"/Users/sharithgodamanna/Desktop/TorchLabs/ProxySite/torchlabs-proxy-utils/src/plans/private-plan/index.ts","statementMap":{"0":{"start":{"line":2,"column":0},"end":{"line":2,"column":43}},"1":{"start":{"line":4,"column":44},"end":{"line":7,"column":1}},"2":{"start":{"line":5,"column":46},"end":{"line":5,"column":52}},"3":{"start":{"line":6,"column":2},"end":{"line":6,"column":107}},"4":{"start":{"line":4,"column":13},"end":{"line":4,"column":44}},"5":{"start":{"line":9,"column":46},"end":{"line":12,"column":1}},"6":{"start":{"line":10,"column":46},"end":{"line":10,"column":52}},"7":{"start":{"line":11,"column":2},"end":{"line":11,"column":79}},"8":{"start":{"line":9,"column":13},"end":{"line":9,"column":46}}},"fnMap":{"0":{"name":"(anonymous_0)","decl":{"start":{"line":4,"column":44},"end":{"line":4,"column":45}},"loc":{"start":{"line":4,"column":63},"end":{"line":7,"column":1}}},"1":{"name":"(anonymous_1)","decl":{"start":{"line":9,"column":46},"end":{"line":9,"column":47}},"loc":{"start":{"line":9,"column":65},"end":{"line":12,"column":1}}}},"branchMap":{},"s":{"0":2,"1":2,"2":44,"3":11,"4":2,"5":2,"6":44,"7":11,"8":2},"f":{"0":11,"1":11},"b":{}}
,"/Users/sharithgodamanna/Desktop/TorchLabs/ProxySite/torchlabs-proxy-utils/src/plans/smart/index.ts": {"path":"/Users/sharithgodamanna/Desktop/TorchLabs/ProxySite/torchlabs-proxy-utils/src/plans/smart/index.ts","statementMap":{"0":{"start":{"line":2,"column":0},"end":{"line":2,"column":43}},"1":{"start":{"line":4,"column":27},"end":{"line":4,"column":33}},"2":{"start":{"line":6,"column":42},"end":{"line":12,"column":1}},"3":{"start":{"line":7,"column":62},"end":{"line":7,"column":68}},"4":{"start":{"line":8,"column":20},"end":{"line":8,"column":46}},"5":{"start":{"line":9,"column":2},"end":{"line":11,"column":18}},"6":{"start":{"line":6,"column":13},"end":{"line":6,"column":42}},"7":{"start":{"line":14,"column":44},"end":{"line":18,"column":1}},"8":{"start":{"line":15,"column":62},"end":{"line":15,"column":68}},"9":{"start":{"line":16,"column":20},"end":{"line":16,"column":46}},"10":{"start":{"line":17,"column":2},"end":{"line":17,"column":104}},"11":{"start":{"line":14,"column":13},"end":{"line":14,"column":44}}},"fnMap":{"0":{"name":"(anonymous_0)","decl":{"start":{"line":6,"column":42},"end":{"line":6,"column":43}},"loc":{"start":{"line":6,"column":61},"end":{"line":12,"column":1}}},"1":{"name":"(anonymous_1)","decl":{"start":{"line":14,"column":44},"end":{"line":14,"column":45}},"loc":{"start":{"line":14,"column":63},"end":{"line":18,"column":1}}}},"branchMap":{"0":{"loc":{"start":{"line":8,"column":20},"end":{"line":8,"column":46}},"type":"cond-expr","locations":[{"start":{"line":8,"column":20},"end":{"line":8,"column":24}},{"start":{"line":8,"column":28},"end":{"line":8,"column":46}}]},"1":{"loc":{"start":{"line":8,"column":20},"end":{"line":8,"column":28}},"type":"binary-expr","locations":[{"start":{"line":8,"column":20},"end":{"line":8,"column":28}},{"start":{"line":8,"column":20},"end":{"line":8,"column":28}}]},"2":{"loc":{"start":{"line":16,"column":20},"end":{"line":16,"column":46}},"type":"cond-expr","locations":[{"start":{"line":16,"column":20},"end":{"line":16,"column":24}},{"start":{"line":16,"column":28},"end":{"line":16,"column":46}}]},"3":{"loc":{"start":{"line":16,"column":20},"end":{"line":16,"column":28}},"type":"binary-expr","locations":[{"start":{"line":16,"column":20},"end":{"line":16,"column":28}},{"start":{"line":16,"column":20},"end":{"line":16,"column":28}}]}},"s":{"0":2,"1":2,"2":2,"3":6,"4":1,"5":1,"6":2,"7":2,"8":6,"9":1,"10":1,"11":2},"f":{"0":1,"1":1},"b":{"0":[1,0],"1":[1,1],"2":[1,0],"3":[1,1]}}
}
