TN:
SF:src/generation_utils.ts
FN:10,(anonymous_0)
FN:21,(anonymous_1)
FN:36,(anonymous_2)
FNF:3
FNH:3
FNDA:80,(anonymous_0)
FNDA:9,(anonymous_1)
FNDA:73,(anonymous_2)
DA:1,2
DA:10,2
DA:15,80
DA:16,32
DA:18,48
DA:21,2
DA:27,9
DA:28,0
DA:30,9
DA:31,9
DA:33,9
DA:35,9
DA:36,53
DA:37,73
DA:49,73
DA:53,9
DA:54,3
DA:55,5
DA:67,5
DA:71,9
LF:20
LH:19
BRDA:15,0,0,32
BRDA:27,1,0,0
BRDA:53,2,0,3
BRF:3
BRH:2
end_of_record
TN:
SF:src/index.ts
FN:15,(anonymous_0)
FNF:1
FNH:1
FNDA:6,(anonymous_0)
DA:1,1
DA:7,1
DA:8,1
DA:9,1
DA:10,1
DA:11,1
DA:12,1
DA:13,1
DA:15,1
DA:21,6
DA:23,4
DA:28,0
DA:33,2
DA:38,0
DA:43,0
DA:48,0
DA:53,0
LF:17
LH:12
BRDA:21,0,0,4
BRDA:21,0,1,0
BRDA:21,0,2,2
BRDA:21,0,3,0
BRDA:21,0,4,0
BRDA:21,0,5,0
BRDA:21,0,6,0
BRF:7
BRH:2
end_of_record
TN:
SF:src/utils.ts
FN:1,(anonymous_0)
FNF:1
FNH:1
FNDA:38,(anonymous_0)
DA:1,8
DA:2,38
DA:3,38
DA:4,38
DA:5,38
DA:6,559
DA:8,38
LF:7
LH:7
BRF:0
BRH:0
end_of_record
TN:
SF:src/@types/index.ts
FNF:0
FNH:0
DA:17,2
DA:24,2
LF:2
LH:2
BRF:0
BRH:0
end_of_record
TN:
SF:src/plans/brightdata/index.ts
FN:4,(anonymous_0)
FN:9,(anonymous_1)
FNF:2
FNH:2
FNDA:1,(anonymous_0)
FNDA:1,(anonymous_1)
DA:2,2
DA:4,2
DA:5,6
DA:6,1
DA:9,2
DA:10,6
DA:11,1
LF:7
LH:7
BRF:0
BRH:0
end_of_record
TN:
SF:src/plans/iproyal/index.ts
FN:6,(anonymous_0)
FN:12,(anonymous_1)
FNF:2
FNH:2
FNDA:1,(anonymous_0)
FNDA:1,(anonymous_1)
DA:2,2
DA:4,2
DA:6,2
DA:7,6
DA:8,1
DA:9,1
DA:12,2
DA:13,6
DA:14,1
DA:15,1
LF:10
LH:10
BRDA:8,0,0,1
BRDA:8,0,1,0
BRDA:8,1,0,1
BRDA:8,1,1,1
BRDA:14,2,0,1
BRDA:14,2,1,0
BRDA:14,3,0,1
BRDA:14,3,1,1
BRF:8
BRH:6
end_of_record
TN:
SF:src/plans/oxylabs/index.ts
FN:6,(anonymous_0)
FN:14,(anonymous_1)
FNF:2
FNH:2
FNDA:1,(anonymous_0)
FNDA:1,(anonymous_1)
DA:2,2
DA:4,2
DA:6,2
DA:7,6
DA:8,1
DA:9,1
DA:14,2
DA:15,6
DA:16,1
DA:17,1
LF:10
LH:10
BRDA:8,0,0,1
BRDA:8,0,1,0
BRDA:8,1,0,1
BRDA:8,1,1,1
BRDA:16,2,0,1
BRDA:16,2,1,0
BRDA:16,3,0,1
BRDA:16,3,1,1
BRF:8
BRH:6
end_of_record
TN:
SF:src/plans/packetstream/index.ts
FN:6,(anonymous_0)
FN:12,(anonymous_1)
FNF:2
FNH:2
FNDA:23,(anonymous_0)
FNDA:39,(anonymous_1)
DA:2,3
DA:4,3
DA:6,3
DA:7,138
DA:8,23
DA:9,23
DA:12,3
DA:13,234
DA:14,39
DA:15,39
LF:10
LH:10
BRDA:8,0,0,23
BRDA:8,0,1,0
BRDA:8,1,0,23
BRDA:8,1,1,23
BRDA:14,2,0,39
BRDA:14,2,1,0
BRDA:14,3,0,39
BRDA:14,3,1,39
BRF:8
BRH:6
end_of_record
TN:
SF:src/plans/private-plan/index.ts
FN:4,(anonymous_0)
FN:9,(anonymous_1)
FNF:2
FNH:2
FNDA:11,(anonymous_0)
FNDA:11,(anonymous_1)
DA:2,2
DA:4,2
DA:5,44
DA:6,11
DA:9,2
DA:10,44
DA:11,11
LF:7
LH:7
BRF:0
BRH:0
end_of_record
TN:
SF:src/plans/smart/index.ts
FN:6,(anonymous_0)
FN:14,(anonymous_1)
FNF:2
FNH:2
FNDA:1,(anonymous_0)
FNDA:1,(anonymous_1)
DA:2,2
DA:4,2
DA:6,2
DA:7,6
DA:8,1
DA:9,1
DA:14,2
DA:15,6
DA:16,1
DA:17,1
LF:10
LH:10
BRDA:8,0,0,1
BRDA:8,0,1,0
BRDA:8,1,0,1
BRDA:8,1,1,1
BRDA:16,2,0,1
BRDA:16,2,1,0
BRDA:16,3,0,1
BRDA:16,3,1,1
BRF:8
BRH:6
end_of_record
